[debug] [2024-03-14T19:56:56.420Z] ----------------------------------------------------------------------
[debug] [2024-03-14T19:56:56.423Z] Command:       C:\Program Files\nodejs\node.exe C:\Users\German\AppData\Roaming\npm\node_modules\firebase-tools\lib\bin\firebase.js init
[debug] [2024-03-14T19:56:56.423Z] CLI Version:   13.5.0
[debug] [2024-03-14T19:56:56.423Z] Platform:      win32
[debug] [2024-03-14T19:56:56.423Z] Node Version:  v20.9.0
[debug] [2024-03-14T19:56:56.423Z] Time:          Thu Mar 14 2024 14:56:56 GMT-0500 (hora estándar de Colombia)
[debug] [2024-03-14T19:56:56.423Z] ----------------------------------------------------------------------
[debug] 
[debug] [2024-03-14T19:56:56.429Z] > command requires scopes: ["email","openid","https://www.googleapis.com/auth/cloudplatformprojects.readonly","https://www.googleapis.com/auth/firebase","https://www.googleapis.com/auth/cloud-platform"]
[debug] [2024-03-14T19:56:56.429Z] > authorizing via signed-in user (cnexmo@gmail.com)
[info] 
     ######## #### ########  ######## ########     ###     ######  ########
     ##        ##  ##     ## ##       ##     ##  ##   ##  ##       ##
     ######    ##  ########  ######   ########  #########  ######  ######
     ##        ##  ##    ##  ##       ##     ## ##     ##       ## ##
     ##       #### ##     ## ######## ########  ##     ##  ######  ########

You're about to initialize a Firebase project in this directory:

  C:\Users\German\Documents\Avocado-e-vestiti-main

[info] 
=== Project Setup
[info] 
[info] First, let's associate this project directory with a Firebase project.
[info] You can create multiple project aliases by running firebase use --add, 
[info] but for now we'll just set up a default project.
[info] 
[debug] [2024-03-14T20:04:16.327Z] >>> [apiv2][query] GET https://firebase.googleapis.com/v1beta1/projects pageSize=100
[debug] [2024-03-14T20:04:16.840Z] <<< [apiv2][status] GET https://firebase.googleapis.com/v1beta1/projects 200
[debug] [2024-03-14T20:04:16.840Z] <<< [apiv2][body] GET https://firebase.googleapis.com/v1beta1/projects [omitted]
[info] i  Using project nexmo-381b7 (nexmo) 
[info] 
=== Hosting Setup
[debug] [2024-03-14T20:04:24.513Z] >>> [apiv2][query] GET https://firebase.googleapis.com/v1beta1/projects/nexmo-381b7 [none]
[debug] [2024-03-14T20:04:24.850Z] <<< [apiv2][status] GET https://firebase.googleapis.com/v1beta1/projects/nexmo-381b7 200
[debug] [2024-03-14T20:04:24.851Z] <<< [apiv2][body] GET https://firebase.googleapis.com/v1beta1/projects/nexmo-381b7 {"projectId":"nexmo-381b7","projectNumber":"289657931150","displayName":"nexmo","name":"projects/nexmo-381b7","resources":{"hostingSite":"nexmo-381b7","realtimeDatabaseInstance":"nexmo-381b7-default-rtdb"},"state":"ACTIVE","etag":"1_a86631ee-5029-4890-b799-721c19c92f38"}
[info] 
[info] Your public directory is the folder (relative to your project directory) that
[info] will contain Hosting assets to be uploaded with firebase deploy. If you
[info] have a build process for your assets, use your build's output directory.
[info] 
